<?xml version="1.0" encoding="UTF-8"?>
<!-- Generated by org.testng.reporters.JUnitXMLReporter -->
<testsuite ignored="10" hostname="LAPTOP-A3CNVOI4" failures="0" tests="6" name="Test" time="45.759" errors="0" timestamp="2023-03-29T09:55:37 IST">
  <testcase classname="TestCases.VerifyHeader" name="header" time="2.921"/>
  <testcase classname="TestCases.VerifyFooter" name="footer" time="7.735"/>
  <testcase classname="TestCases.VerifyMenuBar" name="MenuBar" time="2.262"/>
  <testcase classname="TestCases.VerifyAddingProductToCart" name="AddingProjectToCart" time="4.701"/>
  <testcase classname="TestCases.VerifyRegister" name="Register" time="1.547"/>
  <testcase classname="TestCases.VerifyLogin" name="login" time="1.095"/>
  <testcase classname="Resources.baseClass" name="@AfterSuite Aftersuite" time="0.0">
    <ignored/>
  </testcase> <!-- @AfterSuite Aftersuite -->
  <testcase classname="Resources.baseClass" name="@AfterSuite Aftersuite" time="0.0">
    <ignored/>
  </testcase> <!-- @AfterSuite Aftersuite -->
  <testcase classname="Resources.baseClass" name="@AfterSuite Aftersuite" time="0.0">
    <ignored/>
  </testcase> <!-- @AfterSuite Aftersuite -->
  <testcase classname="Resources.baseClass" name="@AfterSuite Aftersuite" time="0.0">
    <ignored/>
  </testcase> <!-- @AfterSuite Aftersuite -->
  <testcase classname="Resources.baseClass" name="@AfterSuite Aftersuite" time="0.0">
    <ignored/>
  </testcase> <!-- @AfterSuite Aftersuite -->
  <testcase classname="Resources.baseClass" name="@BeforeSuite Beforesuite" time="0.0">
    <ignored/>
  </testcase> <!-- @BeforeSuite Beforesuite -->
  <testcase classname="Resources.baseClass" name="@BeforeSuite Beforesuite" time="0.0">
    <ignored/>
  </testcase> <!-- @BeforeSuite Beforesuite -->
  <testcase classname="Resources.baseClass" name="@BeforeSuite Beforesuite" time="0.0">
    <ignored/>
  </testcase> <!-- @BeforeSuite Beforesuite -->
  <testcase classname="Resources.baseClass" name="@BeforeSuite Beforesuite" time="0.0">
    <ignored/>
  </testcase> <!-- @BeforeSuite Beforesuite -->
  <testcase classname="Resources.baseClass" name="@BeforeSuite Beforesuite" time="0.0">
    <ignored/>
  </testcase> <!-- @BeforeSuite Beforesuite -->
</testsuite> <!-- Test -->
