<?xml version="1.0" encoding="UTF-8"?>
<!-- Generated by org.testng.reporters.JUnitXMLReporter -->
<testsuite ignored="10" hostname="LAPTOP-A3CNVOI4" failures="0" tests="6" name="Test" time="67.632" errors="0" timestamp="2023-03-29T12:43:13 IST">
  <testcase classname="TestCases.VerifyHeader" name="header" time="2.144"/>
  <testcase classname="TestCases.VerifyFooter" name="footer" time="5.917"/>
  <testcase classname="TestCases.VerifyMenuBar" name="MenuBar" time="2.879"/>
  <testcase classname="TestCases.VerifyAddingProductToCart" name="AddingProjectToCart" time="9.939"/>
  <testcase classname="TestCases.VerifyRegister" name="Register" time="1.724"/>
  <testcase classname="TestCases.VerifyLogin" name="login" time="1.142"/>
  <testcase classname="Resources.baseClass" name="@AfterSuite Aftersuite" time="0.0">
    <ignored/>
  </testcase> <!-- @AfterSuite Aftersuite -->
  <testcase classname="Resources.baseClass" name="@AfterSuite Aftersuite" time="0.0">
    <ignored/>
  </testcase> <!-- @AfterSuite Aftersuite -->
  <testcase classname="Resources.baseClass" name="@AfterSuite Aftersuite" time="0.0">
    <ignored/>
  </testcase> <!-- @AfterSuite Aftersuite -->
  <testcase classname="Resources.baseClass" name="@AfterSuite Aftersuite" time="0.0">
    <ignored/>
  </testcase> <!-- @AfterSuite Aftersuite -->
  <testcase classname="Resources.baseClass" name="@AfterSuite Aftersuite" time="0.0">
    <ignored/>
  </testcase> <!-- @AfterSuite Aftersuite -->
  <testcase classname="Resources.baseClass" name="@BeforeSuite Beforesuite" time="0.0">
    <ignored/>
  </testcase> <!-- @BeforeSuite Beforesuite -->
  <testcase classname="Resources.baseClass" name="@BeforeSuite Beforesuite" time="0.0">
    <ignored/>
  </testcase> <!-- @BeforeSuite Beforesuite -->
  <testcase classname="Resources.baseClass" name="@BeforeSuite Beforesuite" time="0.0">
    <ignored/>
  </testcase> <!-- @BeforeSuite Beforesuite -->
  <testcase classname="Resources.baseClass" name="@BeforeSuite Beforesuite" time="0.0">
    <ignored/>
  </testcase> <!-- @BeforeSuite Beforesuite -->
  <testcase classname="Resources.baseClass" name="@BeforeSuite Beforesuite" time="0.0">
    <ignored/>
  </testcase> <!-- @BeforeSuite Beforesuite -->
</testsuite> <!-- Test -->
