<?xml version="1.0" encoding="UTF-8"?>
<testng-results ignored="10" total="16" passed="6" failed="0" skipped="0">
  <reporter-output>
  </reporter-output>
  <suite started-at="2023-03-29T09:54:51 IST" name="Suite" finished-at="2023-03-29T09:55:37 IST" duration-ms="45759">
    <groups>
    </groups>
    <test started-at="2023-03-29T09:54:51 IST" name="Test" finished-at="2023-03-29T09:55:37 IST" duration-ms="45759">
      <class name="TestCases.VerifyHeader">
        <test-method is-config="true" signature="Beforesuite()[pri:0, instance:TestCases.VerifyHeader@4b8ee4de]" started-at="2023-03-29T09:54:50 IST" name="Beforesuite" finished-at="2023-03-29T09:54:51 IST" duration-ms="380" status="PASS">
          <reporter-output>
          </reporter-output>
        </test-method> <!-- Beforesuite -->
        <test-method is-config="true" signature="openURL()[pri:0, instance:TestCases.VerifyHeader@4b8ee4de]" started-at="2023-03-29T09:54:51 IST" name="openURL" finished-at="2023-03-29T09:54:56 IST" duration-ms="5568" status="PASS">
          <reporter-output>
          </reporter-output>
        </test-method> <!-- openURL -->
        <test-method signature="header()[pri:0, instance:TestCases.VerifyHeader@4b8ee4de]" started-at="2023-03-29T09:54:56 IST" name="header" finished-at="2023-03-29T09:54:59 IST" duration-ms="2921" status="PASS">
          <reporter-output>
          </reporter-output>
        </test-method> <!-- header -->
        <test-method is-config="true" signature="closeBrowser()[pri:0, instance:TestCases.VerifyHeader@4b8ee4de]" started-at="2023-03-29T09:54:59 IST" name="closeBrowser" finished-at="2023-03-29T09:55:00 IST" duration-ms="343" status="PASS">
          <reporter-output>
          </reporter-output>
        </test-method> <!-- closeBrowser -->
        <test-method is-config="true" signature="Aftersuite()[pri:0, instance:TestCases.VerifyHeader@4b8ee4de]" started-at="2023-03-29T09:55:37 IST" name="Aftersuite" finished-at="2023-03-29T09:55:37 IST" duration-ms="424" status="PASS">
          <reporter-output>
          </reporter-output>
        </test-method> <!-- Aftersuite -->
      </class> <!-- TestCases.VerifyHeader -->
      <class name="TestCases.VerifyMenuBar">
        <test-method is-config="true" signature="openURL()[pri:0, instance:TestCases.VerifyMenuBar@d9345cd]" started-at="2023-03-29T09:55:11 IST" name="openURL" finished-at="2023-03-29T09:55:14 IST" duration-ms="3129" status="PASS">
          <reporter-output>
          </reporter-output>
        </test-method> <!-- openURL -->
        <test-method signature="MenuBar()[pri:0, instance:TestCases.VerifyMenuBar@d9345cd]" started-at="2023-03-29T09:55:14 IST" name="MenuBar" finished-at="2023-03-29T09:55:16 IST" duration-ms="2262" status="PASS">
          <reporter-output>
          </reporter-output>
        </test-method> <!-- MenuBar -->
        <test-method is-config="true" signature="closeBrowser()[pri:0, instance:TestCases.VerifyMenuBar@d9345cd]" started-at="2023-03-29T09:55:16 IST" name="closeBrowser" finished-at="2023-03-29T09:55:16 IST" duration-ms="258" status="PASS">
          <reporter-output>
          </reporter-output>
        </test-method> <!-- closeBrowser -->
      </class> <!-- TestCases.VerifyMenuBar -->
      <class name="TestCases.VerifyRegister">
        <test-method is-config="true" signature="openURL()[pri:0, instance:TestCases.VerifyRegister@29215f06]" started-at="2023-03-29T09:55:25 IST" name="openURL" finished-at="2023-03-29T09:55:29 IST" duration-ms="3386" status="PASS">
          <reporter-output>
          </reporter-output>
        </test-method> <!-- openURL -->
        <test-method signature="Register()[pri:0, instance:TestCases.VerifyRegister@29215f06]" started-at="2023-03-29T09:55:29 IST" name="Register" finished-at="2023-03-29T09:55:30 IST" duration-ms="1547" status="PASS">
          <reporter-output>
          </reporter-output>
        </test-method> <!-- Register -->
        <test-method is-config="true" signature="closeBrowser()[pri:0, instance:TestCases.VerifyRegister@29215f06]" started-at="2023-03-29T09:55:30 IST" name="closeBrowser" finished-at="2023-03-29T09:55:31 IST" duration-ms="278" status="PASS">
          <reporter-output>
          </reporter-output>
        </test-method> <!-- closeBrowser -->
      </class> <!-- TestCases.VerifyRegister -->
      <class name="TestCases.VerifyAddingProductToCart">
        <test-method is-config="true" signature="openURL()[pri:0, instance:TestCases.VerifyAddingProductToCart@2d710f1a]" started-at="2023-03-29T09:55:16 IST" name="openURL" finished-at="2023-03-29T09:55:20 IST" duration-ms="4154" status="PASS">
          <reporter-output>
          </reporter-output>
        </test-method> <!-- openURL -->
        <test-method signature="AddingProjectToCart()[pri:0, instance:TestCases.VerifyAddingProductToCart@2d710f1a]" started-at="2023-03-29T09:55:20 IST" name="AddingProjectToCart" finished-at="2023-03-29T09:55:25 IST" duration-ms="4701" status="PASS">
          <reporter-output>
          </reporter-output>
        </test-method> <!-- AddingProjectToCart -->
        <test-method is-config="true" signature="closeBrowser()[pri:0, instance:TestCases.VerifyAddingProductToCart@2d710f1a]" started-at="2023-03-29T09:55:25 IST" name="closeBrowser" finished-at="2023-03-29T09:55:25 IST" duration-ms="390" status="PASS">
          <reporter-output>
          </reporter-output>
        </test-method> <!-- closeBrowser -->
      </class> <!-- TestCases.VerifyAddingProductToCart -->
      <class name="TestCases.VerifyFooter">
        <test-method is-config="true" signature="openURL()[pri:0, instance:TestCases.VerifyFooter@428640fa]" started-at="2023-03-29T09:55:00 IST" name="openURL" finished-at="2023-03-29T09:55:03 IST" duration-ms="2831" status="PASS">
          <reporter-output>
          </reporter-output>
        </test-method> <!-- openURL -->
        <test-method signature="footer()[pri:0, instance:TestCases.VerifyFooter@428640fa]" started-at="2023-03-29T09:55:03 IST" name="footer" finished-at="2023-03-29T09:55:10 IST" duration-ms="7735" status="PASS">
          <reporter-output>
          </reporter-output>
        </test-method> <!-- footer -->
        <test-method is-config="true" signature="closeBrowser()[pri:0, instance:TestCases.VerifyFooter@428640fa]" started-at="2023-03-29T09:55:10 IST" name="closeBrowser" finished-at="2023-03-29T09:55:11 IST" duration-ms="276" status="PASS">
          <reporter-output>
          </reporter-output>
        </test-method> <!-- closeBrowser -->
      </class> <!-- TestCases.VerifyFooter -->
      <class name="TestCases.VerifyLogin">
        <test-method is-config="true" signature="openURL()[pri:0, instance:TestCases.VerifyLogin@59505b48]" started-at="2023-03-29T09:55:31 IST" name="openURL" finished-at="2023-03-29T09:55:35 IST" duration-ms="4563" status="PASS">
          <reporter-output>
          </reporter-output>
        </test-method> <!-- openURL -->
        <test-method signature="login(java.lang.String,java.lang.String)[pri:0, instance:TestCases.VerifyLogin@59505b48]" started-at="2023-03-29T09:55:35 IST" name="login" data-provider="testData" finished-at="2023-03-29T09:55:36 IST" duration-ms="1095" status="PASS">
          <params>
            <param index="0">
              <value>
                <![CDATA[username]]>
              </value>
            </param>
            <param index="1">
              <value>
                <![CDATA[password]]>
              </value>
            </param>
          </params>
          <reporter-output>
          </reporter-output>
        </test-method> <!-- login -->
        <test-method is-config="true" signature="closeBrowser()[pri:0, instance:TestCases.VerifyLogin@59505b48]" started-at="2023-03-29T09:55:36 IST" name="closeBrowser" finished-at="2023-03-29T09:55:37 IST" duration-ms="243" status="PASS">
          <reporter-output>
          </reporter-output>
        </test-method> <!-- closeBrowser -->
      </class> <!-- TestCases.VerifyLogin -->
    </test> <!-- Test -->
  </suite> <!-- Suite -->
</testng-results>
